<?xml version="1.0" encoding="UTF-8"?>
<coverage generated="1576052559236" clover="3.2.0">
  <project timestamp="1576052559237" name="All files">
    <metrics statements="23" coveredstatements="3" conditionals="5" coveredconditionals="0" methods="19" coveredmethods="1" elements="47" coveredelements="4" complexity="0" loc="23" ncloc="23" packages="1" files="5" classes="5"/>
    <file name="dva.js" path="/Users/lidong/Downloads/My/react-native-dva/src/utils/dva.js">
      <metrics statements="10" coveredstatements="1" conditionals="2" coveredconditionals="0" methods="7" coveredmethods="0"/>
      <line num="10" count="1" type="stmt"/>
      <line num="18" count="0" type="stmt"/>
      <line num="20" count="0" type="stmt"/>
      <line num="22" count="0" type="cond" truecount="0" falsecount="2"/>
      <line num="23" count="0" type="stmt"/>
      <line num="24" count="0" type="stmt"/>
      <line num="26" count="0" type="stmt"/>
      <line num="27" count="0" type="stmt"/>
      <line num="28" count="0" type="stmt"/>
      <line num="29" count="0" type="stmt"/>
    </file>
    <file name="index.js" path="/Users/lidong/Downloads/My/react-native-dva/src/utils/index.js">
      <metrics statements="0" coveredstatements="0" conditionals="0" coveredconditionals="0" methods="0" coveredmethods="0"/>
    </file>
    <file name="moment.js" path="/Users/lidong/Downloads/My/react-native-dva/src/utils/moment.js">
      <metrics statements="1" coveredstatements="1" conditionals="0" coveredconditionals="0" methods="2" coveredmethods="0"/>
      <line num="5" count="1" type="stmt"/>
    </file>
    <file name="storage.js" path="/Users/lidong/Downloads/My/react-native-dva/src/utils/storage.js">
      <metrics statements="11" coveredstatements="0" conditionals="3" coveredconditionals="0" methods="9" coveredmethods="0"/>
      <line num="4" count="0" type="stmt"/>
      <line num="8" count="0" type="stmt"/>
      <line num="9" count="0" type="cond" truecount="0" falsecount="2"/>
      <line num="14" count="0" type="stmt"/>
      <line num="18" count="0" type="stmt"/>
      <line num="22" count="0" type="stmt"/>
      <line num="23" count="0" type="stmt"/>
      <line num="24" count="0" type="stmt"/>
      <line num="25" count="0" type="stmt"/>
      <line num="27" count="0" type="stmt"/>
      <line num="32" count="0" type="stmt"/>
    </file>
    <file name="utils.js" path="/Users/lidong/Downloads/My/react-native-dva/src/utils/utils.js">
      <metrics statements="1" coveredstatements="1" conditionals="0" coveredconditionals="0" methods="1" coveredmethods="1"/>
      <line num="5" count="2" type="stmt"/>
    </file>
  </project>
</coverage>
