{"/Users/lidong/Downloads/My/react-native-dva/src/utils/dva.js": {"path":"/Users/lidong/Downloads/My/react-native-dva/src/utils/dva.js","statementMap":{"0":{"start":{"line":10,"column":21},"end":{"line":10,"column":63}},"1":{"start":{"line":10,"column":31},"end":{"line":10,"column":63}},"2":{"start":{"line":10,"column":45},"end":{"line":10,"column":62}},"3":{"start":{"line":18,"column":14},"end":{"line":18,"column":29}},"4":{"start":{"line":20,"column":2},"end":{"line":20,"column":27}},"5":{"start":{"line":22,"column":2},"end":{"line":22,"column":78}},"6":{"start":{"line":22,"column":26},"end":{"line":22,"column":78}},"7":{"start":{"line":22,"column":60},"end":{"line":22,"column":76}},"8":{"start":{"line":23,"column":2},"end":{"line":23,"column":27}},"9":{"start":{"line":24,"column":2},"end":{"line":24,"column":14}},"10":{"start":{"line":26,"column":16},"end":{"line":26,"column":26}},"11":{"start":{"line":27,"column":2},"end":{"line":27,"column":82}},"12":{"start":{"line":27,"column":29},"end":{"line":27,"column":81}},"13":{"start":{"line":27,"column":35},"end":{"line":27,"column":81}},"14":{"start":{"line":28,"column":2},"end":{"line":28,"column":29}},"15":{"start":{"line":28,"column":23},"end":{"line":28,"column":28}},"16":{"start":{"line":29,"column":2},"end":{"line":29,"column":13}}},"fnMap":{"0":{"name":"(anonymous_0)","decl":{"start":{"line":10,"column":21},"end":{"line":10,"column":22}},"loc":{"start":{"line":10,"column":31},"end":{"line":10,"column":63}},"line":10},"1":{"name":"(anonymous_1)","decl":{"start":{"line":10,"column":31},"end":{"line":10,"column":32}},"loc":{"start":{"line":10,"column":45},"end":{"line":10,"column":62}},"line":10},"2":{"name":"init","decl":{"start":{"line":17,"column":9},"end":{"line":17,"column":13}},"loc":{"start":{"line":17,"column":23},"end":{"line":30,"column":1}},"line":17},"3":{"name":"(anonymous_3)","decl":{"start":{"line":22,"column":49},"end":{"line":22,"column":50}},"loc":{"start":{"line":22,"column":60},"end":{"line":22,"column":76}},"line":22},"4":{"name":"(anonymous_4)","decl":{"start":{"line":27,"column":14},"end":{"line":27,"column":15}},"loc":{"start":{"line":27,"column":29},"end":{"line":27,"column":81}},"line":27},"5":{"name":"(anonymous_5)","decl":{"start":{"line":27,"column":29},"end":{"line":27,"column":30}},"loc":{"start":{"line":27,"column":35},"end":{"line":27,"column":81}},"line":27},"6":{"name":"(anonymous_6)","decl":{"start":{"line":28,"column":17},"end":{"line":28,"column":18}},"loc":{"start":{"line":28,"column":23},"end":{"line":28,"column":28}},"line":28}},"branchMap":{"0":{"loc":{"start":{"line":22,"column":2},"end":{"line":22,"column":78}},"type":"if","locations":[{"start":{"line":22,"column":2},"end":{"line":22,"column":78}},{"start":{"line":22,"column":2},"end":{"line":22,"column":78}}],"line":22}},"s":{"0":1,"1":0,"2":0,"3":0,"4":0,"5":0,"6":0,"7":0,"8":0,"9":0,"10":0,"11":0,"12":0,"13":0,"14":0,"15":0,"16":0},"f":{"0":0,"1":0,"2":0,"3":0,"4":0,"5":0,"6":0},"b":{"0":[0,0]},"_coverageSchema":"43e27e138ebf9cfc5966b082cf9a028302ed4184","hash":"cb20586df7a89ebe374d7091706d4aebd049daa5"}
,"/Users/lidong/Downloads/My/react-native-dva/src/utils/index.js": {"path":"/Users/lidong/Downloads/My/react-native-dva/src/utils/index.js","statementMap":{},"fnMap":{},"branchMap":{},"s":{},"f":{},"b":{},"_coverageSchema":"43e27e138ebf9cfc5966b082cf9a028302ed4184","hash":"79a0d687259877539f7a4a9f63c5699aad8ab1b1"}
,"/Users/lidong/Downloads/My/react-native-dva/src/utils/moment.js": {"path":"/Users/lidong/Downloads/My/react-native-dva/src/utils/moment.js","statementMap":{"0":{"start":{"line":5,"column":14},"end":{"line":5,"column":75}},"1":{"start":{"line":5,"column":24},"end":{"line":5,"column":75}},"2":{"start":{"line":5,"column":49},"end":{"line":5,"column":74}}},"fnMap":{"0":{"name":"(anonymous_0)","decl":{"start":{"line":5,"column":14},"end":{"line":5,"column":15}},"loc":{"start":{"line":5,"column":24},"end":{"line":5,"column":75}},"line":5},"1":{"name":"(anonymous_1)","decl":{"start":{"line":5,"column":36},"end":{"line":5,"column":37}},"loc":{"start":{"line":5,"column":49},"end":{"line":5,"column":74}},"line":5}},"branchMap":{},"s":{"0":1,"1":0,"2":0},"f":{"0":0,"1":0},"b":{},"_coverageSchema":"43e27e138ebf9cfc5966b082cf9a028302ed4184","hash":"e4a12a1b2cb791e22d458dbade4b9eca9d3ab11e"}
,"/Users/lidong/Downloads/My/react-native-dva/src/utils/storage.js": {"path":"/Users/lidong/Downloads/My/react-native-dva/src/utils/storage.js","statementMap":{"0":{"start":{"line":4,"column":2},"end":{"line":4,"column":30}},"1":{"start":{"line":8,"column":2},"end":{"line":10,"column":4}},"2":{"start":{"line":9,"column":16},"end":{"line":9,"column":65}},"3":{"start":{"line":14,"column":2},"end":{"line":14,"column":58}},"4":{"start":{"line":18,"column":2},"end":{"line":18,"column":38}},"5":{"start":{"line":22,"column":2},"end":{"line":28,"column":5}},"6":{"start":{"line":23,"column":17},"end":{"line":23,"column":19}},"7":{"start":{"line":24,"column":4},"end":{"line":26,"column":7}},"8":{"start":{"line":25,"column":6},"end":{"line":25,"column":50}},"9":{"start":{"line":27,"column":4},"end":{"line":27,"column":16}},"10":{"start":{"line":32,"column":2},"end":{"line":32,"column":45}}},"fnMap":{"0":{"name":"clear","decl":{"start":{"line":3,"column":9},"end":{"line":3,"column":14}},"loc":{"start":{"line":3,"column":17},"end":{"line":5,"column":1}},"line":3},"1":{"name":"get","decl":{"start":{"line":7,"column":9},"end":{"line":7,"column":12}},"loc":{"start":{"line":7,"column":39},"end":{"line":11,"column":1}},"line":7},"2":{"name":"(anonymous_2)","decl":{"start":{"line":9,"column":4},"end":{"line":9,"column":5}},"loc":{"start":{"line":9,"column":16},"end":{"line":9,"column":65}},"line":9},"3":{"name":"set","decl":{"start":{"line":13,"column":9},"end":{"line":13,"column":12}},"loc":{"start":{"line":13,"column":25},"end":{"line":15,"column":1}},"line":13},"4":{"name":"remove","decl":{"start":{"line":17,"column":9},"end":{"line":17,"column":15}},"loc":{"start":{"line":17,"column":21},"end":{"line":19,"column":1}},"line":17},"5":{"name":"multiGet","decl":{"start":{"line":21,"column":9},"end":{"line":21,"column":17}},"loc":{"start":{"line":21,"column":27},"end":{"line":29,"column":1}},"line":21},"6":{"name":"(anonymous_6)","decl":{"start":{"line":22,"column":47},"end":{"line":22,"column":48}},"loc":{"start":{"line":22,"column":59},"end":{"line":28,"column":3}},"line":22},"7":{"name":"(anonymous_7)","decl":{"start":{"line":24,"column":19},"end":{"line":24,"column":20}},"loc":{"start":{"line":24,"column":41},"end":{"line":26,"column":5}},"line":24},"8":{"name":"multiRemove","decl":{"start":{"line":31,"column":9},"end":{"line":31,"column":20}},"loc":{"start":{"line":31,"column":30},"end":{"line":33,"column":1}},"line":31}},"branchMap":{"0":{"loc":{"start":{"line":7,"column":18},"end":{"line":7,"column":37}},"type":"default-arg","locations":[{"start":{"line":7,"column":33},"end":{"line":7,"column":37}}],"line":7},"1":{"loc":{"start":{"line":9,"column":16},"end":{"line":9,"column":65}},"type":"cond-expr","locations":[{"start":{"line":9,"column":33},"end":{"line":9,"column":50}},{"start":{"line":9,"column":53},"end":{"line":9,"column":65}}],"line":9}},"s":{"0":0,"1":0,"2":0,"3":0,"4":0,"5":0,"6":0,"7":0,"8":0,"9":0,"10":0},"f":{"0":0,"1":0,"2":0,"3":0,"4":0,"5":0,"6":0,"7":0,"8":0},"b":{"0":[0],"1":[0,0]},"_coverageSchema":"43e27e138ebf9cfc5966b082cf9a028302ed4184","hash":"bf4f85f2f17a9efaa2206517a23fccf10deb8459"}
,"/Users/lidong/Downloads/My/react-native-dva/src/utils/utils.js": {"path":"/Users/lidong/Downloads/My/react-native-dva/src/utils/utils.js","statementMap":{"0":{"start":{"line":5,"column":2},"end":{"line":5,"column":15}}},"fnMap":{"0":{"name":"sum","decl":{"start":{"line":4,"column":9},"end":{"line":4,"column":12}},"loc":{"start":{"line":4,"column":19},"end":{"line":6,"column":1}},"line":4}},"branchMap":{},"s":{"0":2},"f":{"0":2},"b":{},"_coverageSchema":"43e27e138ebf9cfc5966b082cf9a028302ed4184","hash":"a991d114dc1639e0d6638095ab7b5f9b239a2070"}
}
