TN:
SF:/Users/lidong/Downloads/My/react-native-dva/src/utils/dva.js
FN:10,(anonymous_0)
FN:10,(anonymous_1)
FN:17,init
FN:22,(anonymous_3)
FN:27,(anonymous_4)
FN:27,(anonymous_5)
FN:28,(anonymous_6)
FNF:7
FNH:0
FNDA:0,(anonymous_0)
FNDA:0,(anonymous_1)
FNDA:0,init
FNDA:0,(anonymous_3)
FNDA:0,(anonymous_4)
FNDA:0,(anonymous_5)
FNDA:0,(anonymous_6)
DA:10,1
DA:18,0
DA:20,0
DA:22,0
DA:23,0
DA:24,0
DA:26,0
DA:27,0
DA:28,0
DA:29,0
LF:10
LH:1
BRDA:22,0,0,0
BRDA:22,0,1,0
BRF:2
BRH:0
end_of_record
TN:
SF:/Users/lidong/Downloads/My/react-native-dva/src/utils/index.js
FNF:0
FNH:0
LF:0
LH:0
BRF:0
BRH:0
end_of_record
TN:
SF:/Users/lidong/Downloads/My/react-native-dva/src/utils/moment.js
FN:5,(anonymous_0)
FN:5,(anonymous_1)
FNF:2
FNH:0
FNDA:0,(anonymous_0)
FNDA:0,(anonymous_1)
DA:5,1
LF:1
LH:1
BRF:0
BRH:0
end_of_record
TN:
SF:/Users/lidong/Downloads/My/react-native-dva/src/utils/storage.js
FN:3,clear
FN:7,get
FN:9,(anonymous_2)
FN:13,set
FN:17,remove
FN:21,multiGet
FN:22,(anonymous_6)
FN:24,(anonymous_7)
FN:31,multiRemove
FNF:9
FNH:0
FNDA:0,clear
FNDA:0,get
FNDA:0,(anonymous_2)
FNDA:0,set
FNDA:0,remove
FNDA:0,multiGet
FNDA:0,(anonymous_6)
FNDA:0,(anonymous_7)
FNDA:0,multiRemove
DA:4,0
DA:8,0
DA:9,0
DA:14,0
DA:18,0
DA:22,0
DA:23,0
DA:24,0
DA:25,0
DA:27,0
DA:32,0
LF:11
LH:0
BRDA:7,0,0,0
BRDA:9,1,0,0
BRDA:9,1,1,0
BRF:3
BRH:0
end_of_record
TN:
SF:/Users/lidong/Downloads/My/react-native-dva/src/utils/utils.js
FN:4,sum
FNF:1
FNH:1
FNDA:2,sum
DA:5,2
LF:1
LH:1
BRF:0
BRH:0
end_of_record
